0 info it worked if it ends with ok
1 verbose cli [ '/usr/bin/node', '/usr/bin/npm', 'run', 'start' ]
2 info using npm@3.3.6
3 info using node@v4.2.1
4 verbose run-script [ 'prestart', 'start', 'poststart' ]
5 info lifecycle isomorphic-redux@1.0.0~prestart: isomorphic-redux@1.0.0
6 silly lifecycle isomorphic-redux@1.0.0~prestart: no script for prestart, continuing
7 info lifecycle isomorphic-redux@1.0.0~start: isomorphic-redux@1.0.0
8 verbose lifecycle isomorphic-redux@1.0.0~start: unsafe-perm in lifecycle true
9 verbose lifecycle isomorphic-redux@1.0.0~start: PATH: /usr/lib/node_modules/npm/bin/node-gyp-bin:/home/bart/Repos/git/redux-isomorphic/node_modules/.bin:/usr/lib/node_modules/npm/bin/node-gyp-bin:/home/bart/Repos/git/redux-isomorphic/node_modules/.bin:/usr/local/sbin:/usr/local/bin:/usr/bin:/usr/lib/jvm/default/bin:/usr/bin/site_perl:/usr/bin/vendor_perl:/usr/bin/core_perl
10 verbose lifecycle isomorphic-redux@1.0.0~start: CWD: /home/bart/Repos/git/redux-isomorphic
11 silly lifecycle isomorphic-redux@1.0.0~start: Args: [ '-c', 'NODE_PATH=$NODE_PATH:./shared node --harmony .' ]
12 silly lifecycle isomorphic-redux@1.0.0~start: Returned: code: 1  signal: null
13 info lifecycle isomorphic-redux@1.0.0~start: Failed to exec start script
14 verbose stack Error: isomorphic-redux@1.0.0 start: `NODE_PATH=$NODE_PATH:./shared node --harmony .`
14 verbose stack Exit status 1
14 verbose stack     at EventEmitter.<anonymous> (/usr/lib/node_modules/npm/lib/utils/lifecycle.js:233:16)
14 verbose stack     at emitTwo (events.js:87:13)
14 verbose stack     at EventEmitter.emit (events.js:172:7)
14 verbose stack     at ChildProcess.<anonymous> (/usr/lib/node_modules/npm/lib/utils/spawn.js:24:14)
14 verbose stack     at emitTwo (events.js:87:13)
14 verbose stack     at ChildProcess.emit (events.js:172:7)
14 verbose stack     at maybeClose (internal/child_process.js:818:16)
14 verbose stack     at Process.ChildProcess._handle.onexit (internal/child_process.js:211:5)
15 verbose pkgid isomorphic-redux@1.0.0
16 verbose cwd /home/bart/Repos/git/redux-isomorphic
17 error Linux 4.2.3-1-ARCH
18 error argv "/usr/bin/node" "/usr/bin/npm" "run" "start"
19 error node v4.2.1
20 error npm  v3.3.6
21 error code ELIFECYCLE
22 error isomorphic-redux@1.0.0 start: `NODE_PATH=$NODE_PATH:./shared node --harmony .`
22 error Exit status 1
23 error Failed at the isomorphic-redux@1.0.0 start script 'NODE_PATH=$NODE_PATH:./shared node --harmony .'.
23 error This is most likely a problem with the isomorphic-redux package,
23 error not with npm itself.
23 error Tell the author that this fails on your system:
23 error     NODE_PATH=$NODE_PATH:./shared node --harmony .
23 error You can get their info via:
23 error     npm owner ls isomorphic-redux
23 error There is likely additional logging output above.
24 verbose exit [ 1, true ]
